2022-03-09T02:23:59.246Z [primeiroProjeto] info: API em execução
2022-03-09T02:24:42.387Z [primeiroProjeto] info: POST /account- {"id":7,"nome":"Ciclano","saldo":98}
2022-03-09T02:26:12.479Z [primeiroProjeto] info: API em execução
2022-03-09T02:28:26.535Z [primeiroProjeto] info: API em execução
2022-03-09T02:28:46.216Z [primeiroProjeto] info: API em execução
2022-03-09T02:28:57.829Z [primeiroProjeto] info: API em execução
2022-03-09T02:31:17.696Z [primeiroProjeto] info: API em execução
2022-03-09T02:31:31.341Z [primeiroProjeto] info: API em execução
2022-03-09T02:32:32.409Z [primeiroProjeto] info: API em execução
2022-03-09T02:32:40.744Z [primeiroProjeto] info: API em execução
2022-03-09T02:34:27.573Z [primeiroProjeto] info: API em execução
2022-03-09T02:34:31.731Z [primeiroProjeto] info: API em execução
2022-03-09T02:34:37.885Z [primeiroProjeto] info: API em execução
2022-03-09T02:35:02.224Z [primeiroProjeto] info: API em execução
2022-03-09T02:35:08.592Z [primeiroProjeto] info: API em execução
2022-03-09T02:36:51.815Z [primeiroProjeto] info: API em execução
2022-03-09T02:37:34.470Z [primeiroProjeto] info: API em execução
2022-03-09T02:38:13.993Z [primeiroProjeto] info: API em execução
2022-03-09T02:38:36.112Z [primeiroProjeto] info: GET /account
2022-03-09T02:38:41.487Z [primeiroProjeto] info: POST /account- {"id":8,"nome":"Ciclano","saldo":98}
2022-03-09T02:39:06.579Z [primeiroProjeto] info: GET /account
2022-03-09T02:39:42.359Z [primeiroProjeto] info: DELETE /account/:id - 9
2022-03-09T02:40:46.061Z [primeiroProjeto] info: GET /account
2022-03-09T02:41:56.070Z [primeiroProjeto] info: POST /account- {"id":9,"nome":"ciclano da silva","saldo":89}
2022-03-09T22:47:45.244Z [primeiroProjeto] info: API em execução
2022-03-09T22:48:45.710Z [primeiroProjeto] info: API em execução
2022-03-09T22:49:47.158Z [primeiroProjeto] info: POST /account- {"id":10,"nome":"Lucas","saldo":80}
2022-03-09T22:58:29.459Z [primeiroProjeto] info: API em execução
2022-03-09T22:59:22.163Z [primeiroProjeto] info: API em execução
2022-03-09T23:37:30.058Z [primeiroProjeto] info: API em execução
2022-03-09T23:37:52.993Z [primeiroProjeto] info: API em execução
2022-03-09T23:38:32.049Z [primeiroProjeto] info: API em execução
2022-03-09T23:39:16.100Z [primeiroProjeto] info: API em execução
2022-03-09T23:41:09.511Z [primeiroProjeto] info: API em execução
2022-03-09T23:41:11.445Z [primeiroProjeto] info: API em execução
2022-03-09T23:42:15.468Z [primeiroProjeto] info: API em execução
2022-03-09T23:44:41.436Z [primeiroProjeto] info: API em execução
2022-03-09T23:45:44.508Z [primeiroProjeto] info: API em execução
2022-03-09T23:45:52.531Z [primeiroProjeto] info: API em execução
2022-03-09T23:47:33.487Z [primeiroProjeto] info: API em execução
2022-03-09T23:50:37.306Z [primeiroProjeto] info: API em execução
2022-03-09T23:50:50.817Z [primeiroProjeto] info: API em execução
2022-03-09T23:50:55.016Z [primeiroProjeto] info: API em execução
2022-03-09T23:51:04.195Z [primeiroProjeto] info: API em execução
2022-03-09T23:51:49.438Z [primeiroProjeto] info: GET /account
2022-03-09T23:52:54.487Z [primeiroProjeto] info: DELETE /account/:id - 1
2022-03-09T23:52:59.102Z [primeiroProjeto] info: GET /account
2022-03-09T23:53:00.502Z [primeiroProjeto] info: GET /account
2022-03-09T23:53:05.750Z [primeiroProjeto] info: DELETE /account/:id - 1
2022-03-09T23:53:15.669Z [primeiroProjeto] info: GET /account
2022-03-09T23:53:26.610Z [primeiroProjeto] error: GET /account - account is not defined
2022-03-09T23:53:32.915Z [primeiroProjeto] error: GET /account - account is not defined
2022-03-09T23:53:37.834Z [primeiroProjeto] error: GET /account - account is not defined
2022-03-09T23:54:59.172Z [primeiroProjeto] info: API em execução
2022-03-09T23:55:17.436Z [primeiroProjeto] info: API em execução
2022-03-09T23:55:21.416Z [primeiroProjeto] info: GET /account/:id
2022-03-09T23:55:25.099Z [primeiroProjeto] info: GET /account/:id
2022-03-09T23:55:30.647Z [primeiroProjeto] info: DELETE /account/:id - 1
2022-03-09T23:55:31.922Z [primeiroProjeto] info: DELETE /account/:id - 1
2022-03-09T23:55:32.454Z [primeiroProjeto] info: DELETE /account/:id - 1
